  base+awr3.cpp
C:\Users\Rishi\source\repos\Engineering Computation Projects and Homework\Computation Final Project\Base+Asteroids+WacaMole+Rotate\BASE+AWR3\base+awr3\base+awr3\whacamole.h(65,29): warning C4244: 'argument': conversion from 'double' to 'GLint', possible loss of data
C:\Users\Rishi\source\repos\Engineering Computation Projects and Homework\Computation Final Project\Base+Asteroids+WacaMole+Rotate\BASE+AWR3\base+awr3\base+awr3\whacamole.h(66,29): warning C4244: 'argument': conversion from 'double' to 'GLint', possible loss of data
C:\Users\Rishi\source\repos\Engineering Computation Projects and Homework\Computation Final Project\Base+Asteroids+WacaMole+Rotate\BASE+AWR3\base+awr3\base+awr3\rotaterocket.h(60,20): warning C4305: 'initializing': truncation from 'double' to 'const float'
C:\Users\Rishi\source\repos\Engineering Computation Projects and Homework\Computation Final Project\Base+Asteroids+WacaMole+Rotate\BASE+AWR3\base+awr3\base+awr3\rotaterocket.h(188,35): warning C4244: 'argument': conversion from 'int' to 'GLfloat', possible loss of data
C:\Users\Rishi\source\repos\Engineering Computation Projects and Homework\Computation Final Project\Base+Asteroids+WacaMole+Rotate\BASE+AWR3\base+awr3\base+awr3\rotaterocket.h(188,21): warning C4244: 'argument': conversion from 'int' to 'GLfloat', possible loss of data
C:\Users\Rishi\source\repos\Engineering Computation Projects and Homework\Computation Final Project\Base+Asteroids+WacaMole+Rotate\BASE+AWR3\base+awr3\base+awr3\rotaterocket.h(302,36): warning C4244: 'argument': conversion from 'float' to 'GLint', possible loss of data
C:\Users\Rishi\source\repos\Engineering Computation Projects and Homework\Computation Final Project\Base+Asteroids+WacaMole+Rotate\BASE+AWR3\base+awr3\base+awr3\rotaterocket.h(302,15): warning C4244: 'argument': conversion from 'float' to 'GLint', possible loss of data
C:\Users\Rishi\source\repos\Engineering Computation Projects and Homework\Computation Final Project\Base+Asteroids+WacaMole+Rotate\BASE+AWR3\base+awr3\base+awr3\rotaterocket.h(303,52): warning C4244: 'argument': conversion from 'float' to 'GLint', possible loss of data
C:\Users\Rishi\source\repos\Engineering Computation Projects and Homework\Computation Final Project\Base+Asteroids+WacaMole+Rotate\BASE+AWR3\base+awr3\base+awr3\rotaterocket.h(303,15): warning C4244: 'argument': conversion from 'float' to 'GLint', possible loss of data
C:\Users\Rishi\source\repos\Engineering Computation Projects and Homework\Computation Final Project\Base+Asteroids+WacaMole+Rotate\BASE+AWR3\base+awr3\base+awr3\rotaterocket.h(304,52): warning C4244: 'argument': conversion from 'float' to 'GLint', possible loss of data
C:\Users\Rishi\source\repos\Engineering Computation Projects and Homework\Computation Final Project\Base+Asteroids+WacaMole+Rotate\BASE+AWR3\base+awr3\base+awr3\rotaterocket.h(304,15): warning C4244: 'argument': conversion from 'float' to 'GLint', possible loss of data
C:\Users\Rishi\source\repos\Engineering Computation Projects and Homework\Computation Final Project\Base+Asteroids+WacaMole+Rotate\BASE+AWR3\base+awr3\base+awr3\rotaterocket.h(390,38): warning C4244: '=': conversion from 'double' to 'float', possible loss of data
C:\Users\Rishi\source\repos\Engineering Computation Projects and Homework\Computation Final Project\Base+Asteroids+WacaMole+Rotate\BASE+AWR3\base+awr3\base+awr3\rotaterocket.h(391,37): warning C4244: '=': conversion from 'double' to 'float', possible loss of data
C:\Users\Rishi\source\repos\Engineering Computation Projects and Homework\Computation Final Project\Base+Asteroids+WacaMole+Rotate\BASE+AWR3\base+awr3\base+awr3\rotaterocket.h(398,39): warning C4244: '=': conversion from 'double' to 'float', possible loss of data
C:\Users\Rishi\source\repos\Engineering Computation Projects and Homework\Computation Final Project\Base+Asteroids+WacaMole+Rotate\BASE+AWR3\base+awr3\base+awr3\rotaterocket.h(399,39): warning C4244: '=': conversion from 'double' to 'float', possible loss of data
C:\Users\Rishi\source\repos\Engineering Computation Projects and Homework\Computation Final Project\Base+Asteroids+WacaMole+Rotate\BASE+AWR3\base+awr3\base+awr3\rotaterocket.h(463,37): warning C4244: 'argument': conversion from 'float' to 'int', possible loss of data
C:\Users\Rishi\source\repos\Engineering Computation Projects and Homework\Computation Final Project\Base+Asteroids+WacaMole+Rotate\BASE+AWR3\base+awr3\base+awr3\rotaterocket.h(463,25): warning C4244: 'argument': conversion from 'float' to 'int', possible loss of data
C:\Users\Rishi\source\repos\Engineering Computation Projects and Homework\Computation Final Project\Base+Asteroids+WacaMole+Rotate\BASE+AWR3\base+awr3\base+awr3\rotaterocket.h(466,60): warning C4244: 'argument': conversion from 'float' to 'int', possible loss of data
C:\Users\Rishi\source\repos\Engineering Computation Projects and Homework\Computation Final Project\Base+Asteroids+WacaMole+Rotate\BASE+AWR3\base+awr3\base+awr3\rotaterocket.h(466,27): warning C4244: 'argument': conversion from 'float' to 'int', possible loss of data
C:\Users\Rishi\source\repos\Engineering Computation Projects and Homework\Computation Final Project\Base+Asteroids+WacaMole+Rotate\BASE+AWR3\base+awr3\base+awr3\rotaterocket.h(469,56): warning C4244: 'argument': conversion from 'float' to 'int', possible loss of data
C:\Users\Rishi\source\repos\Engineering Computation Projects and Homework\Computation Final Project\Base+Asteroids+WacaMole+Rotate\BASE+AWR3\base+awr3\base+awr3\rotaterocket.h(469,27): warning C4244: 'argument': conversion from 'float' to 'int', possible loss of data
C:\Users\Rishi\source\repos\Engineering Computation Projects and Homework\Computation Final Project\Base+Asteroids+WacaMole+Rotate\BASE+AWR3\base+awr3\base+awr3\rotaterocket.h(486,18): warning C4244: '=': conversion from 'int' to 'float', possible loss of data
C:\Users\Rishi\source\repos\Engineering Computation Projects and Homework\Computation Final Project\Base+Asteroids+WacaMole+Rotate\BASE+AWR3\base+awr3\base+awr3\rotaterocket.h(487,18): warning C4244: '=': conversion from 'int' to 'float', possible loss of data
C:\Users\Rishi\source\repos\Engineering Computation Projects and Homework\Computation Final Project\Base+Asteroids+WacaMole+Rotate\BASE+AWR3\base+awr3\base+awr3\rotaterocket.h(521,22): warning C4244: 'argument': conversion from 'float' to 'int', possible loss of data
C:\Users\Rishi\source\repos\Engineering Computation Projects and Homework\Computation Final Project\Base+Asteroids+WacaMole+Rotate\BASE+AWR3\base+awr3\base+awr3\rotaterocket.h(521,13): warning C4244: 'argument': conversion from 'float' to 'int', possible loss of data
C:\Users\Rishi\source\repos\Engineering Computation Projects and Homework\Computation Final Project\Base+Asteroids+WacaMole+Rotate\BASE+AWR3\base+awr3\base+awr3\rotaterocket.h(538,12): warning C4244: 'argument': conversion from 'time_t' to 'unsigned int', possible loss of data
C:\Users\Rishi\source\repos\Engineering Computation Projects and Homework\Computation Final Project\Base+Asteroids+WacaMole+Rotate\BASE+AWR3\base+awr3\base+awr3\rotaterocket.h(575,24): warning C4305: 'argument': truncation from 'double' to 'const float'
C:\Users\Rishi\source\repos\Engineering Computation Projects and Homework\Computation Final Project\Base+Asteroids+WacaMole+Rotate\BASE+AWR3\base+awr3\base+awr3\rotaterocket.h(579,25): warning C4305: 'argument': truncation from 'double' to 'const float'
C:\Users\Rishi\source\repos\Engineering Computation Projects and Homework\Computation Final Project\Base+Asteroids+WacaMole+Rotate\BASE+AWR3\base+awr3\base+awr3\rotaterocket.h(584,22): warning C4305: '+=': truncation from 'double' to 'float'
C:\Users\Rishi\source\repos\Engineering Computation Projects and Homework\Computation Final Project\Base+Asteroids+WacaMole+Rotate\BASE+AWR3\base+awr3\base+awr3\rotaterocket.h(589,22): warning C4305: '-=': truncation from 'double' to 'float'
C:\Users\Rishi\source\repos\Engineering Computation Projects and Homework\Computation Final Project\Base+Asteroids+WacaMole+Rotate\BASE+AWR3\base+awr3\base+awr3\base+awr3.cpp(185,12): warning C4244: 'return': conversion from 'double' to 'float', possible loss of data
C:\Users\Rishi\source\repos\Engineering Computation Projects and Homework\Computation Final Project\Base+Asteroids+WacaMole+Rotate\BASE+AWR3\base+awr3\base+awr3\base+awr3.cpp(190,12): warning C4244: 'return': conversion from 'double' to 'float', possible loss of data
C:\Users\Rishi\source\repos\Engineering Computation Projects and Homework\Computation Final Project\Base+Asteroids+WacaMole+Rotate\BASE+AWR3\base+awr3\base+awr3\base+awr3.cpp(294,12): warning C4244: 'return': conversion from 'double' to 'float', possible loss of data
C:\Users\Rishi\source\repos\Engineering Computation Projects and Homework\Computation Final Project\Base+Asteroids+WacaMole+Rotate\BASE+AWR3\base+awr3\base+awr3\base+awr3.cpp(299,12): warning C4244: 'return': conversion from 'double' to 'float', possible loss of data
C:\Users\Rishi\source\repos\Engineering Computation Projects and Homework\Computation Final Project\Base+Asteroids+WacaMole+Rotate\BASE+AWR3\base+awr3\base+awr3\base+awr3.cpp(437,23): warning C4305: 'initializing': truncation from 'double' to 'float'
C:\Users\Rishi\source\repos\Engineering Computation Projects and Homework\Computation Final Project\Base+Asteroids+WacaMole+Rotate\BASE+AWR3\base+awr3\base+awr3\base+awr3.cpp(461,23): warning C4305: 'initializing': truncation from 'double' to 'float'
C:\Users\Rishi\source\repos\Engineering Computation Projects and Homework\Computation Final Project\Base+Asteroids+WacaMole+Rotate\BASE+AWR3\base+awr3\base+awr3\base+awr3.cpp(527,25): warning C4244: 'argument': conversion from 'float' to 'GLint', possible loss of data
C:\Users\Rishi\source\repos\Engineering Computation Projects and Homework\Computation Final Project\Base+Asteroids+WacaMole+Rotate\BASE+AWR3\base+awr3\base+awr3\base+awr3.cpp(528,25): warning C4244: 'argument': conversion from 'float' to 'GLint', possible loss of data
C:\Users\Rishi\source\repos\Engineering Computation Projects and Homework\Computation Final Project\Base+Asteroids+WacaMole+Rotate\BASE+AWR3\base+awr3\base+awr3\base+awr3.cpp(530,25): warning C4244: 'argument': conversion from 'float' to 'GLint', possible loss of data
C:\Users\Rishi\source\repos\Engineering Computation Projects and Homework\Computation Final Project\Base+Asteroids+WacaMole+Rotate\BASE+AWR3\base+awr3\base+awr3\base+awr3.cpp(531,25): warning C4244: 'argument': conversion from 'float' to 'GLint', possible loss of data
C:\Users\Rishi\source\repos\Engineering Computation Projects and Homework\Computation Final Project\Base+Asteroids+WacaMole+Rotate\BASE+AWR3\base+awr3\base+awr3\base+awr3.cpp(533,25): warning C4244: 'argument': conversion from 'float' to 'GLint', possible loss of data
C:\Users\Rishi\source\repos\Engineering Computation Projects and Homework\Computation Final Project\Base+Asteroids+WacaMole+Rotate\BASE+AWR3\base+awr3\base+awr3\base+awr3.cpp(534,25): warning C4244: 'argument': conversion from 'float' to 'GLint', possible loss of data
C:\Users\Rishi\source\repos\Engineering Computation Projects and Homework\Computation Final Project\Base+Asteroids+WacaMole+Rotate\BASE+AWR3\base+awr3\base+awr3\base+awr3.cpp(536,25): warning C4244: 'argument': conversion from 'float' to 'GLint', possible loss of data
C:\Users\Rishi\source\repos\Engineering Computation Projects and Homework\Computation Final Project\Base+Asteroids+WacaMole+Rotate\BASE+AWR3\base+awr3\base+awr3\base+awr3.cpp(537,25): warning C4244: 'argument': conversion from 'float' to 'GLint', possible loss of data
C:\Users\Rishi\source\repos\Engineering Computation Projects and Homework\Computation Final Project\Base+Asteroids+WacaMole+Rotate\BASE+AWR3\base+awr3\base+awr3\base+awr3.cpp(554,25): warning C4244: 'argument': conversion from 'float' to 'GLint', possible loss of data
C:\Users\Rishi\source\repos\Engineering Computation Projects and Homework\Computation Final Project\Base+Asteroids+WacaMole+Rotate\BASE+AWR3\base+awr3\base+awr3\base+awr3.cpp(557,25): warning C4244: 'argument': conversion from 'float' to 'GLint', possible loss of data
C:\Users\Rishi\source\repos\Engineering Computation Projects and Homework\Computation Final Project\Base+Asteroids+WacaMole+Rotate\BASE+AWR3\base+awr3\base+awr3\base+awr3.cpp(560,25): warning C4244: 'argument': conversion from 'float' to 'GLint', possible loss of data
C:\Users\Rishi\source\repos\Engineering Computation Projects and Homework\Computation Final Project\Base+Asteroids+WacaMole+Rotate\BASE+AWR3\base+awr3\base+awr3\base+awr3.cpp(563,25): warning C4244: 'argument': conversion from 'float' to 'GLint', possible loss of data
C:\Users\Rishi\source\repos\Engineering Computation Projects and Homework\Computation Final Project\Base+Asteroids+WacaMole+Rotate\BASE+AWR3\base+awr3\base+awr3\base+awr3.cpp(613,15): warning C4244: 'argument': conversion from 'time_t' to 'unsigned int', possible loss of data
C:\Users\Rishi\source\repos\Engineering Computation Projects and Homework\Computation Final Project\Base+Asteroids+WacaMole+Rotate\BASE+AWR3\base+awr3\base+awr3\base+awr3.cpp(658,83): warning C4244: 'argument': conversion from 'double' to 'int', possible loss of data
C:\Users\Rishi\source\repos\Engineering Computation Projects and Homework\Computation Final Project\Base+Asteroids+WacaMole+Rotate\BASE+AWR3\base+awr3\base+awr3\base+awr3.cpp(658,72): warning C4244: 'argument': conversion from 'double' to 'int', possible loss of data
C:\Users\Rishi\source\repos\Engineering Computation Projects and Homework\Computation Final Project\Base+Asteroids+WacaMole+Rotate\BASE+AWR3\base+awr3\base+awr3\base+awr3.cpp(673,83): warning C4244: 'argument': conversion from 'double' to 'int', possible loss of data
C:\Users\Rishi\source\repos\Engineering Computation Projects and Homework\Computation Final Project\Base+Asteroids+WacaMole+Rotate\BASE+AWR3\base+awr3\base+awr3\base+awr3.cpp(673,72): warning C4244: 'argument': conversion from 'double' to 'int', possible loss of data
C:\Users\Rishi\source\repos\Engineering Computation Projects and Homework\Computation Final Project\Base+Asteroids+WacaMole+Rotate\BASE+AWR3\base+awr3\base+awr3\base+awr3.cpp(688,83): warning C4244: 'argument': conversion from 'double' to 'int', possible loss of data
C:\Users\Rishi\source\repos\Engineering Computation Projects and Homework\Computation Final Project\Base+Asteroids+WacaMole+Rotate\BASE+AWR3\base+awr3\base+awr3\base+awr3.cpp(688,72): warning C4244: 'argument': conversion from 'double' to 'int', possible loss of data
C:\Users\Rishi\source\repos\Engineering Computation Projects and Homework\Computation Final Project\Base+Asteroids+WacaMole+Rotate\BASE+AWR3\base+awr3\base+awr3\base+awr3.cpp(703,83): warning C4244: 'argument': conversion from 'double' to 'int', possible loss of data
C:\Users\Rishi\source\repos\Engineering Computation Projects and Homework\Computation Final Project\Base+Asteroids+WacaMole+Rotate\BASE+AWR3\base+awr3\base+awr3\base+awr3.cpp(703,72): warning C4244: 'argument': conversion from 'double' to 'int', possible loss of data
C:\Users\Rishi\source\repos\Engineering Computation Projects and Homework\Computation Final Project\Base+Asteroids+WacaMole+Rotate\BASE+AWR3\base+awr3\base+awr3\base+awr3.cpp(734,85): warning C4244: 'argument': conversion from 'float' to 'int', possible loss of data
C:\Users\Rishi\source\repos\Engineering Computation Projects and Homework\Computation Final Project\Base+Asteroids+WacaMole+Rotate\BASE+AWR3\base+awr3\base+awr3\base+awr3.cpp(734,70): warning C4244: 'argument': conversion from 'float' to 'int', possible loss of data
C:\Users\Rishi\source\repos\Engineering Computation Projects and Homework\Computation Final Project\Base+Asteroids+WacaMole+Rotate\BASE+AWR3\base+awr3\base+awr3\base+awr3.cpp(776,32): warning C4244: 'argument': conversion from 'double' to 'GLint', possible loss of data
C:\Users\Rishi\source\repos\Engineering Computation Projects and Homework\Computation Final Project\Base+Asteroids+WacaMole+Rotate\BASE+AWR3\base+awr3\base+awr3\base+awr3.cpp(777,32): warning C4244: 'argument': conversion from 'double' to 'GLint', possible loss of data
C:\Users\Rishi\source\repos\Engineering Computation Projects and Homework\Computation Final Project\Base+Asteroids+WacaMole+Rotate\BASE+AWR3\base+awr3\base+awr3\base+awr3.cpp(778,35): warning C4244: 'argument': conversion from 'double' to 'GLint', possible loss of data
C:\Users\Rishi\source\repos\Engineering Computation Projects and Homework\Computation Final Project\Base+Asteroids+WacaMole+Rotate\BASE+AWR3\base+awr3\base+awr3\base+awr3.cpp(779,34): warning C4244: 'argument': conversion from 'double' to 'GLint', possible loss of data
C:\Users\Rishi\source\repos\Engineering Computation Projects and Homework\Computation Final Project\Base+Asteroids+WacaMole+Rotate\BASE+AWR3\base+awr3\base+awr3\base+awr3.cpp(802,72): warning C4244: 'argument': conversion from 'float' to 'int', possible loss of data
C:\Users\Rishi\source\repos\Engineering Computation Projects and Homework\Computation Final Project\Base+Asteroids+WacaMole+Rotate\BASE+AWR3\base+awr3\base+awr3\base+awr3.cpp(802,57): warning C4244: 'argument': conversion from 'float' to 'int', possible loss of data
  base+awr3.vcxproj -> C:\Users\Rishi\source\repos\Engineering Computation Projects and Homework\Computation Final Project\Base+Asteroids+WacaMole+Rotate\BASE+AWR3\base+awr3\Debug\base+awr3.exe
